<?xml version="1.0" encoding="UTF-8"?>
<!-- Generated by org.testng.reporters.JUnitReportReporter -->
<testsuite hostname="ATMECSINDT-088" failures="0" tests="1" name="rediff.com.test" time="20.360" errors="0" timestamp="28 Aug 2019 13:15:40 GMT" skipped="0">
  <testcase classname="rediff.com.test" name="run" time="20.360"/>
</testsuite> <!-- rediff.com.test -->
